This is TeX, Version 3.1415926 (TeX Live 2013/Debian) (format=tex 2015.5.13)  5 JUL 2015 14:20
**siunitx.dtx
(./siunitx.dtx (/usr/share/texlive/texmf-dist/tex/latex/l3kernel/l3docstrip.tex
(/usr/share/texlive/texmf-dist/tex/latex/base/docstrip.tex
\blockLevel=\count26
\emptyLines=\count27
\processedLines=\count28
\commentsRemoved=\count29
\commentsPassed=\count30
\codeLinesPassed=\count31
\TotalprocessedLines=\count32
\TotalcommentsRemoved=\count33
\TotalcommentsPassed=\count34
\TotalcodeLinesPassed=\count35
\NumberOfFiles=\count36
\inFile=\read0
\inputcheck=\read1
\@tempcnta=\count37
\off@0=\count38
\off@1=\count39
\off@2=\count40
\off@3=\count41
\off@4=\count42
\off@5=\count43
\off@6=\count44
\off@7=\count45
\off@8=\count46
\off@9=\count47
\off@10=\count48
\off@11=\count49
\off@12=\count50
\off@13=\count51
\off@14=\count52
\off@15=\count53
\@temptokena=\toks12
\@maxfiles=\count54
\@maxoutfiles=\count55

Utility: `docstrip' 2.5d <2005/07/29>
English documentation    <1999/03/31>

**********************************************************
* This program converts documented macro-files into fast *
* loadable files by stripping off (nearly) all comments! *
**********************************************************

********************************************************
* No Configuration file found, using default settings. *
********************************************************

))

Generating file(s) siunitx.sty siunitx-abbreviations.cfg siunitx-binary.cfg siu
nitx-version-1.cfg 
\openout0 = `siunitx.sty'.

\openout1 = `siunitx-abbreviations.cfg'.

\openout2 = `siunitx-binary.cfg'.

\openout3 = `siunitx-version-1.cfg'.


Processing file siunitx.dtx (package) -> siunitx.sty
                            (config,abbreviations) -> siunitx-abbreviations.cfg

                            (config,binary) -> siunitx-binary.cfg
                            (config,version-1) -> siunitx-version-1.cfg
Lines  processed: 17874
Comments removed: 9254
Comments  passed: 0
Codelines passed: 0


Generating file(s) siunitx.ins 
\openout0 = `siunitx.ins'.


Processing file siunitx.dtx (install) -> siunitx.ins
Lines  processed: 17874
Comments removed: 9254
Comments  passed: 0
Codelines passed: 0


Generating file(s) README.txt 
\openout0 = `README.txt'.


Processing file siunitx.dtx (readme) -> README.txt
Lines  processed: 17874
Comments removed: 9254
Comments  passed: 0
Codelines passed: 0

Overall statistics:
Files  processed: 3
Lines  processed: 53622
Comments removed: 27762
Comments  passed: 0
Codelines passed: 0
 )
No pages of output.
