\BOOKMARK [0][-]{chapter*.2}{\376\377\000I\000n\000t\000r\000o\000d\000u\000c\000t\000i\000o\000n}{}% 1
\BOOKMARK [0][-]{chapter.1}{\376\377\000F\000e\000r\000r\000o\000f\000l\000u\000i\000d\000s}{}% 2
\BOOKMARK [1][-]{section.1.1}{\376\377\000I\000n\000t\000r\000o\000d\000u\000c\000t\000i\000o\000n}{chapter.1}% 3
\BOOKMARK [1][-]{section.1.2}{\376\377\000F\000e\000r\000r\000o\000h\000y\000d\000r\000o\000d\000y\000n\000a\000m\000i\000c\000s}{chapter.1}% 4
\BOOKMARK [0][-]{chapter.2}{\376\377\000T\000h\000e\000\040\000F\000i\000n\000i\000t\000e\000\040\000e\000l\000e\000m\000e\000n\000t\000\040\000m\000e\000t\000h\000o\000d}{}% 5
\BOOKMARK [1][-]{section.2.1}{\376\377\000P\000r\000o\000b\000l\000e\000m\000\040\000d\000e\000f\000i\000n\000i\000t\000i\000o\000n}{chapter.2}% 6
\BOOKMARK [1][-]{section.2.2}{\376\377\000W\000e\000a\000k\000\040\000s\000o\000l\000u\000t\000i\000o\000n\000\040\000a\000n\000d\000\040\000b\000a\000s\000i\000s\000,\000\040\000v\000a\000r\000i\000a\000t\000i\000o\000n\000a\000l\000\040\000f\000o\000r\000m\000u\000l\000a\000t\000i\000o\000n}{chapter.2}% 7
\BOOKMARK [1][-]{section.2.3}{\376\377\000P\000r\000i\000n\000c\000i\000p\000l\000e\000s\000\040\000a\000n\000d\000\040\000a\000l\000g\000o\000r\000i\000t\000h\000m}{chapter.2}% 8
\BOOKMARK [1][-]{section.2.4}{\376\377\000F\000i\000n\000i\000t\000e\000\040\000e\000l\000e\000m\000e\000n\000t\000\040\000s\000p\000a\000c\000e\000s}{chapter.2}% 9
\BOOKMARK [0][-]{chapter.3}{\376\377\000T\000h\000e\000\040\000L\000e\000v\000e\000l\000-\000S\000e\000t\000\040\000m\000e\000t\000h\000o\000d}{}% 10
\BOOKMARK [1][-]{section.3.1}{\376\377\000M\000a\000t\000h\000e\000m\000a\000t\000i\000c\000a\000l\000\040\000f\000o\000r\000m\000u\000l\000a\000t\000i\000o\000n}{chapter.3}% 11
\BOOKMARK [1][-]{section.3.2}{\376\377\000L\000e\000v\000e\000l\000-\000s\000e\000t\000\040\000a\000d\000v\000e\000c\000t\000i\000o\000n}{chapter.3}% 12
\BOOKMARK [1][-]{section.3.3}{\376\377\000C\000o\000n\000s\000e\000r\000v\000a\000t\000i\000o\000n\000\040\000o\000f\000\040\000m\000a\000s\000s\000,\000\040\000r\000e\000i\000n\000i\000t\000i\000a\000l\000i\000z\000a\000t\000i\000o\000n}{chapter.3}% 13
\BOOKMARK [0][-]{chapter.4}{\376\377\000T\000h\000e\000\040\000N\000a\000v\000i\000e\000r\000-\000S\000t\000o\000k\000e\000s\000\040\000e\000q\000u\000a\000t\000i\000o\000n\000s}{}% 14
\BOOKMARK [1][-]{section.4.1}{\376\377\000D\000i\000m\000e\000n\000s\000i\000o\000n\000l\000e\000s\000s\000\040\000f\000o\000r\000m}{chapter.4}% 15
\BOOKMARK [1][-]{section.4.2}{\376\377\000N\000u\000m\000e\000r\000i\000c\000a\000l\000\040\000s\000o\000l\000u\000t\000i\000o\000n\000\040\000a\000n\000d\000\040\000p\000r\000o\000j\000e\000c\000t\000i\000o\000n\000\040\000m\000e\000t\000h\000o\000d\000s}{chapter.4}% 16
\BOOKMARK [1][-]{section.4.3}{\376\377\000F\000i\000n\000i\000t\000e\000\040\000e\000l\000e\000m\000e\000n\000t\000\040\000f\000o\000r\000m\000u\000l\000a\000t\000i\000o\000n}{chapter.4}% 17
\BOOKMARK [0][-]{chapter.5}{\376\377\000R\000i\000s\000i\000n\000g\000\040\000b\000u\000b\000b\000l\000e\000\040\000b\000e\000n\000c\000h\000m\000a\000r\000k}{}% 18
\BOOKMARK [1][-]{section.5.1}{\376\377\000P\000r\000o\000b\000l\000e\000m\000\040\000d\000e\000f\000i\000n\000i\000t\000i\000o\000n}{chapter.5}% 19
\BOOKMARK [1][-]{section.5.2}{\376\377\000R\000e\000s\000u\000l\000t\000s}{chapter.5}% 20
\BOOKMARK [0][-]{chapter*.3}{\376\377\000C\000o\000n\000c\000l\000u\000s\000i\000o\000n}{}% 21
\BOOKMARK [0][-]{chapter*.4}{\376\377\000B\000i\000b\000l\000i\000o\000g\000r\000a\000p\000h\000y}{}% 22
\BOOKMARK [0][-]{chapter*.5}{\376\377\000L\000i\000s\000t\000\040\000o\000f\000\040\000T\000a\000b\000l\000e\000s}{}% 23
\BOOKMARK [0][-]{chapter*.6}{\376\377\000L\000i\000s\000t\000\040\000o\000f\000\040\000A\000b\000b\000r\000e\000v\000i\000a\000t\000i\000o\000n\000s}{}% 24
\BOOKMARK [0][-]{chapter*.7}{\376\377\000A\000t\000t\000a\000c\000h\000m\000e\000n\000t\000s}{}% 25
